Watching for file changes with StatReloader
[11/Apr/2026 20:10:26] "GET / HTTP/1.1" 200 1003
[11/Apr/2026 20:10:31] "GET / HTTP/1.1" 200 1003
[11/Apr/2026 20:10:32] "GET /static/css/style.css HTTP/1.1" 200 4071
Not Found: /favicon.ico
[11/Apr/2026 20:10:33] "GET /favicon.ico HTTP/1.1" 404 2858
[11/Apr/2026 20:10:45] "GET / HTTP/1.1" 200 1003
[11/Apr/2026 20:12:18] "GET / HTTP/1.1" 200 2623
[11/Apr/2026 20:12:39] "GET /tool/cibo/ HTTP/1.1" 200 2229
[11/Apr/2026 20:12:48] "POST /tool/cibo/ HTTP/1.1" 200 2639
[11/Apr/2026 20:13:05] "GET / HTTP/1.1" 200 2623
[11/Apr/2026 20:14:28] "GET / HTTP/1.1" 200 3126
[11/Apr/2026 20:15:30] "GET / HTTP/1.1" 200 3126
[11/Apr/2026 20:15:30] "GET /static/images/hero-dog.svg HTTP/1.1" 200 307
C:\Users\user\AppData\Local\Programs\Antigravity\blog\admin.py changed, reloading.
Performing system checks...

System check identified no issues (0 silenced).
April 11, 2026 - 18:22:11
Django version 6.0.4, using settings 'config.settings'
Starting development server at http://127.0.0.1:8080/
Quit the server with CTRL-BREAK.

WARNING: This is a development server. Do not use it in a production setting. Use a production WSGI or ASGI server instead.
For more information on production servers see: https://docs.djangoproject.com/en/6.0/howto/deployment/
Watching for file changes with StatReloader
C:\Users\user\AppData\Local\Programs\Antigravity\canine_tools\views.py changed, reloading.
Performing system checks...

System check identified no issues (0 silenced).
April 11, 2026 - 20:16:05
Django version 6.0.4, using settings 'config.settings'
Starting development server at http://127.0.0.1:8080/
Quit the server with CTRL-BREAK.

WARNING: This is a development server. Do not use it in a production setting. Use a production WSGI or ASGI server instead.
For more information on production servers see: https://docs.djangoproject.com/en/6.0/howto/deployment/
Watching for file changes with StatReloader
C:\Users\user\AppData\Local\Programs\Antigravity\config\urls.py changed, reloading.
Performing system checks...

System check identified no issues (0 silenced).
April 11, 2026 - 20:29:55
Django version 6.0.4, using settings 'config.settings'
Starting development server at http://127.0.0.1:8080/
Quit the server with CTRL-BREAK.

WARNING: This is a development server. Do not use it in a production setting. Use a production WSGI or ASGI server instead.
For more information on production servers see: https://docs.djangoproject.com/en/6.0/howto/deployment/
Watching for file changes with StatReloader
[11/Apr/2026 20:30:41] "GET / HTTP/1.1" 200 5437
[11/Apr/2026 20:31:32] "GET /blog/come-educare-cane-casa/ HTTP/1.1" 200 2587
[11/Apr/2026 20:31:32] "GET /static/images/dog-training.jpg HTTP/1.1" 304 0
[11/Apr/2026 20:31:33] "GET /static/css/style.css HTTP/1.1" 200 5883
[11/Apr/2026 20:31:40] "GET / HTTP/1.1" 200 5437
[11/Apr/2026 20:31:41] "GET /static/css/style.css HTTP/1.1" 304 0
[11/Apr/2026 20:31:47] "GET /blog/ HTTP/1.1" 200 6993
[11/Apr/2026 20:31:51] "GET /tool/ HTTP/1.1" 200 1478
[11/Apr/2026 20:31:51] "GET /static/css/style.css HTTP/1.1" 304 0
[11/Apr/2026 20:31:57] "GET / HTTP/1.1" 200 7839
[11/Apr/2026 20:31:59] "GET /tool/quiz/ HTTP/1.1" 200 2627
[11/Apr/2026 20:31:59] "GET /static/css/style.css HTTP/1.1" 304 0
[11/Apr/2026 20:32:58] "GET / HTTP/1.1" 200 10158
[11/Apr/2026 20:34:19] "GET / HTTP/1.1" 200 12474
[11/Apr/2026 20:34:57] "GET /tool/quiz/ HTTP/1.1" 200 2627
[11/Apr/2026 20:34:57] "GET /static/css/style.css HTTP/1.1" 304 0
[11/Apr/2026 20:35:01] "GET / HTTP/1.1" 200 14034
[11/Apr/2026 20:35:01] "GET /static/images/dog-training.jpg HTTP/1.1" 304 0
[11/Apr/2026 20:35:30] "GET / HTTP/1.1" 200 14034
[11/Apr/2026 20:35:30] "GET /static/images/dog-training.jpg HTTP/1.1" 304 0
[11/Apr/2026 20:35:30] "GET /static/css/style.css HTTP/1.1" 200 5883
Not Found: /favicon.ico
[11/Apr/2026 20:35:32] "GET /favicon.ico HTTP/1.1" 404 3371
[11/Apr/2026 20:35:38] "GET /blog/ HTTP/1.1" 200 14034
[11/Apr/2026 20:35:39] "GET / HTTP/1.1" 200 14034
C:\Users\user\AppData\Local\Programs\Antigravity\config\settings.py changed, reloading.
Performing system checks...

System check identified no issues (0 silenced).
April 11, 2026 - 20:30:25
Django version 6.0.4, using settings 'config.settings'
Starting development server at http://127.0.0.1:8080/
Quit the server with CTRL-BREAK.

WARNING: This is a development server. Do not use it in a production setting. Use a production WSGI or ASGI server instead.
For more information on production servers see: https://docs.djangoproject.com/en/6.0/howto/deployment/
Traceback (most recent call last):
  File "C:\Users\user\AppData\Local\Programs\Antigravity\manage.py", line 23, in <module>
    main()
    ~~~~^^
  File "C:\Users\user\AppData\Local\Programs\Antigravity\manage.py", line 19, in main
    execute_from_command_line(sys.argv)
    ~~~~~~~~~~~~~~~~~~~~~~~~~^^^^^^^^^^
  File "C:\Python314\Lib\site-packages\django\core\management\__init__.py", line 443, in execute_from_command_line
    utility.execute()
    ~~~~~~~~~~~~~~~^^
  File "C:\Python314\Lib\site-packages\django\core\management\__init__.py", line 383, in execute
    settings.INSTALLED_APPS
  File "C:\Python314\Lib\site-packages\django\conf\__init__.py", line 75, in __getattr__
    self._setup(name)
    ~~~~~~~~~~~^^^^^^
  File "C:\Python314\Lib\site-packages\django\conf\__init__.py", line 62, in _setup
    self._wrapped = Settings(settings_module)
                    ~~~~~~~~^^^^^^^^^^^^^^^^^
  File "C:\Python314\Lib\site-packages\django\conf\__init__.py", line 162, in __init__
    mod = importlib.import_module(self.SETTINGS_MODULE)
  File "C:\Python314\Lib\importlib\__init__.py", line 88, in import_module
    return _bootstrap._gcd_import(name[level:], package, level)
           ~~~~~~~~~~~~~~~~~~~~~~^^^^^^^^^^^^^^^^^^^^^^^^^^^^^^
  File "<frozen importlib._bootstrap>", line 1398, in _gcd_import
  File "<frozen importlib._bootstrap>", line 1371, in _find_and_load
  File "<frozen importlib._bootstrap>", line 1342, in _find_and_load_unlocked
  File "<frozen importlib._bootstrap>", line 938, in _load_unlocked
  File "<frozen importlib._bootstrap_external>", line 762, in exec_module
  File "<frozen importlib._bootstrap>", line 491, in _call_with_frames_removed
  File "C:\Users\user\AppData\Local\Programs\Antigravity\config\settings.py", line 23, in <module>
    SECRET_KEY = os.environ.get(
                 ^^
NameError: name 'os' is not defined. Did you forget to import 'os'?
